Determining if the pthread_create exist failed with the following output:
Change Dir: /home/abhay/Downloads/glfw-3.1.2/CMakeFiles/CMakeTmp

Run Build Command:/usr/bin/make "cmTryCompileExec3927364952/fast"
/usr/bin/make -f CMakeFiles/cmTryCompileExec3927364952.dir/build.make CMakeFiles/cmTryCompileExec3927364952.dir/build
make[1]: Entering directory `/home/abhay/Downloads/glfw-3.1.2/CMakeFiles/CMakeTmp'
/usr/bin/cmake -E cmake_progress_report /home/abhay/Downloads/glfw-3.1.2/CMakeFiles/CMakeTmp/CMakeFiles 1
Building C object CMakeFiles/cmTryCompileExec3927364952.dir/CheckSymbolExists.c.o
/usr/bin/cc    -o CMakeFiles/cmTryCompileExec3927364952.dir/CheckSymbolExists.c.o   -c /home/abhay/Downloads/glfw-3.1.2/CMakeFiles/CMakeTmp/CheckSymbolExists.c
Linking C executable cmTryCompileExec3927364952
/usr/bin/cmake -E cmake_link_script CMakeFiles/cmTryCompileExec3927364952.dir/link.txt --verbose=1
/usr/bin/cc       CMakeFiles/cmTryCompileExec3927364952.dir/CheckSymbolExists.c.o  -o cmTryCompileExec3927364952 -rdynamic 
CMakeFiles/cmTryCompileExec3927364952.dir/CheckSymbolExists.c.o: In function `main':
CheckSymbolExists.c:(.text+0x16): undefined reference to `pthread_create'
collect2: error: ld returned 1 exit status
make[1]: *** [cmTryCompileExec3927364952] Error 1
make[1]: Leaving directory `/home/abhay/Downloads/glfw-3.1.2/CMakeFiles/CMakeTmp'
make: *** [cmTryCompileExec3927364952/fast] Error 2

File /home/abhay/Downloads/glfw-3.1.2/CMakeFiles/CMakeTmp/CheckSymbolExists.c:
/* */
#include <pthread.h>

int main(int argc, char** argv)
{
  (void)argv;
#ifndef pthread_create
  return ((int*)(&pthread_create))[argc];
#else
  (void)argc;
  return 0;
#endif
}

Determining if the function pthread_create exists in the pthreads failed with the following output:
Change Dir: /home/abhay/Downloads/glfw-3.1.2/CMakeFiles/CMakeTmp

Run Build Command:/usr/bin/make "cmTryCompileExec798903928/fast"
/usr/bin/make -f CMakeFiles/cmTryCompileExec798903928.dir/build.make CMakeFiles/cmTryCompileExec798903928.dir/build
make[1]: Entering directory `/home/abhay/Downloads/glfw-3.1.2/CMakeFiles/CMakeTmp'
/usr/bin/cmake -E cmake_progress_report /home/abhay/Downloads/glfw-3.1.2/CMakeFiles/CMakeTmp/CMakeFiles 1
Building C object CMakeFiles/cmTryCompileExec798903928.dir/CheckFunctionExists.c.o
/usr/bin/cc   -DCHECK_FUNCTION_EXISTS=pthread_create   -o CMakeFiles/cmTryCompileExec798903928.dir/CheckFunctionExists.c.o   -c /usr/share/cmake-2.8/Modules/CheckFunctionExists.c
Linking C executable cmTryCompileExec798903928
/usr/bin/cmake -E cmake_link_script CMakeFiles/cmTryCompileExec798903928.dir/link.txt --verbose=1
/usr/bin/cc   -DCHECK_FUNCTION_EXISTS=pthread_create    CMakeFiles/cmTryCompileExec798903928.dir/CheckFunctionExists.c.o  -o cmTryCompileExec798903928 -rdynamic -lpthreads 
/usr/bin/ld: cannot find -lpthreads
collect2: error: ld returned 1 exit status
make[1]: *** [cmTryCompileExec798903928] Error 1
make[1]: Leaving directory `/home/abhay/Downloads/glfw-3.1.2/CMakeFiles/CMakeTmp'
make: *** [cmTryCompileExec798903928/fast] Error 2


